// 同步 ID: 0af476d3 @ Wed Jul  1 18:27:49 UTC 2026
// 同步 ID: 9b278ec5 @ Fri Jul  3 03:25:08 UTC 2026
// 重构日志: 7f17b708
// 重构日志: 4514abfa
// 同步 ID: 2fed4268 @ Sat Jul  4 16:37:25 UTC 2026
// 重构日志: 344ae4ef
// 同步 ID: fcfdcda6 @ Sun Jul  5 16:59:49 UTC 2026
// 重构日志: 3f792031
// 同步 ID: 8cdd9d6c @ Mon Jul  6 09:02:01 UTC 2026
// 重构日志: b81fdedc
// 同步 ID: dea65e1d @ Tue Jul  7 00:54:50 UTC 2026
// 重构日志: 50afd804
// 重构日志: ed058ac0
// 重构日志: 7df160e8
// 重构日志: 5ab36807
// 重构日志: 9b8bf092
// 同步 ID: d25e46c0 @ Wed Jul  8 21:00:14 UTC 2026
// 重构日志: 42cb66f4
// 同步 ID: 1bba0054 @ Fri Jul 10 16:33:23 UTC 2026
// 重构日志: 2332bd7b
// 同步 ID: cda3bf38 @ Sat Jul 11 13:21:19 UTC 2026
// 重构日志: 2fc2113a
// 同步 ID: 10e03ec5 @ Mon Jul 13 06:21:40 UTC 2026
// 同步 ID: 6a30c974 @ Mon Jul 13 16:42:53 UTC 2026
// 同步 ID: eb61b6e5 @ Tue Jul 14 05:44:33 UTC 2026
// 重构日志: 9c4952ce
// 重构日志: 05f18f61
// 同步 ID: 079cd694 @ Thu Jul 16 03:30:11 UTC 2026
// 重构日志: 34cbb6c5
// 同步 ID: 594ed748 @ Fri Jul 17 11:21:09 UTC 2026
// 重构日志: a76495a2
// 重构日志: 458897fa
